<?xml version="1.0" encoding="UTF-8"?>
<testng-results skipped="0" failed="0" total="1" passed="1">
  <reporter-output>
  </reporter-output>
  <suite name="Command line suite" duration-ms="22267" started-at="2018-06-26T02:40:48Z" finished-at="2018-06-26T02:41:11Z">
    <groups>
    </groups>
    <test name="Command line test" duration-ms="22267" started-at="2018-06-26T02:40:48Z" finished-at="2018-06-26T02:41:11Z">
      <class name="com.testing.clmtest.testcases.Testcase1">
        <test-method status="PASS" signature="Login()[pri:0, instance:com.testing.clmtest.testcases.Testcase1@4c70fda8]" name="Login" duration-ms="22257" started-at="2018-06-26T08:10:48Z" finished-at="2018-06-26T08:11:11Z">
          <reporter-output>
          </reporter-output>
        </test-method> <!-- Login -->
        <test-method status="PASS" signature="afterTest()[pri:0, instance:com.testing.clmtest.testcases.Testcase1@4c70fda8]" name="afterTest" is-config="true" duration-ms="0" started-at="2018-06-26T08:11:11Z" finished-at="2018-06-26T08:11:11Z">
          <reporter-output>
          </reporter-output>
        </test-method> <!-- afterTest -->
      </class> <!-- com.testing.clmtest.testcases.Testcase1 -->
    </test> <!-- Command line test -->
  </suite> <!-- Command line suite -->
</testng-results>
